g:\vs workplace\javatocs\cpplibdemo\x64\release\vc140.pdb
g:\vs workplace\javatocs\cpplibdemo\x64\release\demo.obj
g:\vs workplace\javatocs\cpplibdemo\x64\release\.netframework,version=v4.0.assemblyattributes.obj
g:\vs workplace\javatocs\cpplibdemo\x64\release\.netframework,version=v4.0.assemblyattributes.asm
g:\vs workplace\javatocs\x64\release\libdemo.dll
g:\vs workplace\javatocs\x64\release\libdemo.pdb
g:\vs workplace\javatocs\x64\release\cpplibdemo.lib
g:\vs workplace\javatocs\x64\release\cpplibdemo.exp
g:\vs workplace\javatocs\x64\release\cpplibdemo.dll
g:\vs workplace\javatocs\x64\release\cpplibdemo.pdb
g:\vs workplace\javatocs\cpplibdemo\x64\release\cpplibdemo.tlog\metagen.write.1.tlog
g:\vs workplace\javatocs\cpplibdemo\x64\release\cpplibdemo.vcxprojresolveassemblyreference.cache
g:\vs workplace\javatocs\cpplibdemo\x64\release\cpplibdemo.tlog\cl.command.1.tlog
g:\vs workplace\javatocs\cpplibdemo\x64\release\cpplibdemo.tlog\cl.read.1.tlog
g:\vs workplace\javatocs\cpplibdemo\x64\release\cpplibdemo.tlog\cl.write.1.tlog
g:\vs workplace\javatocs\cpplibdemo\x64\release\cpplibdemo.tlog\cpplibdemo.write.1u.tlog
g:\vs workplace\javatocs\cpplibdemo\x64\release\cpplibdemo.tlog\link.command.1.tlog
g:\vs workplace\javatocs\cpplibdemo\x64\release\cpplibdemo.tlog\link.read.1.tlog
g:\vs workplace\javatocs\cpplibdemo\x64\release\cpplibdemo.tlog\link.write.1.tlog
g:\vs workplace\javatocs\cpplibdemo\x64\release\cpplibdemo.tlog\metagen.read.1.tlog
g:\vs workplace\javatocs\cpplibdemo\x64\release\cpplibdemo.tlog\libdemo.dll.metagen
g:\vs workplace\javatocs\cpplibdemo\x64\release\cpplibdemo.tlog\tzres.dll.bi
