g:\vs workplace\javatocs\cppconnector\x64\debug\vc140.pdb
g:\vs workplace\javatocs\cppconnector\x64\debug\.netframework,version=v4.0.assemblyattributes.obj
g:\vs workplace\javatocs\cppconnector\x64\debug\.netframework,version=v4.0.assemblyattributes.asm
g:\vs workplace\javatocs\cppconnector\x64\debug\main.obj
g:\vs workplace\javatocs\x64\debug\tdyh.dll
g:\vs workplace\javatocs\x64\debug\tdqs.contracts.dll
g:\vs workplace\javatocs\x64\debug\tdqs.dbhelper.dll
g:\vs workplace\javatocs\x64\debug\tdyh.pdb
g:\vs workplace\javatocs\x64\debug\tdyh.xml
g:\vs workplace\javatocs\x64\debug\cppconnector.dll
g:\vs workplace\javatocs\x64\debug\cppconnector.pdb
g:\vs workplace\javatocs\cppconnector\x64\debug\cppconnector.tlog\metagen.write.1.tlog
g:\vs workplace\javatocs\cppconnector\x64\debug\cppconnector.vcxprojresolveassemblyreference.cache
g:\vs workplace\javatocs\cppconnector\x64\debug\cppconnector.tlog\cl.command.1.tlog
g:\vs workplace\javatocs\cppconnector\x64\debug\cppconnector.tlog\cl.read.1.tlog
g:\vs workplace\javatocs\cppconnector\x64\debug\cppconnector.tlog\cl.write.1.tlog
g:\vs workplace\javatocs\cppconnector\x64\debug\cppconnector.tlog\cppconnector.write.1u.tlog
g:\vs workplace\javatocs\cppconnector\x64\debug\cppconnector.tlog\link.command.1.tlog
g:\vs workplace\javatocs\cppconnector\x64\debug\cppconnector.tlog\link.read.1.tlog
g:\vs workplace\javatocs\cppconnector\x64\debug\cppconnector.tlog\link.write.1.tlog
g:\vs workplace\javatocs\cppconnector\x64\debug\cppconnector.tlog\metagen.read.1.tlog
g:\vs workplace\javatocs\cppconnector\x64\debug\cppconnector.tlog\tdyh.dll.metagen
g:\vs workplace\javatocs\cppconnector\x64\debug\cppconnector.tlog\tzres.dll.bi
